Environment variables:
  - Apple_PubSub_Socket_Render=/private/tmp/com.apple.launchd.BfrxFvqOtX/Render
  - DISPLAY=/private/tmp/com.apple.launchd.DDT9JkWX8o/org.macosforge.xquartz:0
  - HOME=/Users/anitasouv
  - JAVA_ARCH=x86_64
  - JAVA_MAIN_CLASS_13030=org.sonarsource.scanner.cli.Main
  - LANG=en_US.UTF-8
  - LOGNAME=anitasouv
  - PATH=/usr/local/opt/cython/bin:/usr/local/bin:/usr/bin:/bin:/usr/sbin:/sbin:/Users/sam/.vimpkg/bin:/usr/local/mysql/bin
  - PWD=/Users/anitasouv/eclipse-workspace/MyFirstJavaFX
  - PYTHONPATH=/Users/anitasouv/VTK-build/lib:/Users/anitasouv/VTK-build/Wrapping/Python:
  - SECURITYSESSIONID=186a8
  - SHELL=/bin/bash
  - SHLVL=1
  - SONAR_SCANNER_HOME=/usr/local/Cellar/sonar-scanner/3.0.3.778/libexec
  - SSH_AUTH_SOCK=/private/tmp/com.apple.launchd.njBeJj7jOK/Listeners
  - TERM=xterm-256color
  - TERM_PROGRAM=Apple_Terminal
  - TERM_PROGRAM_VERSION=388.1.1
  - TERM_SESSION_ID=0D7C7525-C7E6-41E4-8B36-0C04D1203624
  - TMPDIR=/var/folders/3s/vmxm06ld69scp82f38cfvzmr0000gn/T/
  - USER=anitasouv
  - XPC_FLAGS=0x0
  - XPC_SERVICE_NAME=0
  - __CF_USER_TEXT_ENCODING=0x1F5:0x0:0x0
  - com.apple.java.jvmTask=CommandLine
System properties:
  - awt.toolkit=sun.lwawt.macosx.LWCToolkit
  - file.encoding=UTF-8
  - file.encoding.pkg=sun.io
  - file.separator=/
  - ftp.nonProxyHosts=local|*.local|169.254/16|*.169.254/16
  - gopherProxySet=false
  - http.nonProxyHosts=local|*.local|169.254/16|*.169.254/16
  - java.awt.graphicsenv=sun.awt.CGraphicsEnvironment
  - java.awt.headless=true
  - java.awt.printerjob=sun.lwawt.macosx.CPrinterJob
  - java.class.path=/usr/local/Cellar/sonar-scanner/3.0.3.778/libexec/lib/sonar-scanner-cli-3.0.3.778.jar
  - java.class.version=53.0
  - java.home=/Library/Java/JavaVirtualMachines/jdk-9.jdk/Contents/Home
  - java.io.tmpdir=/var/folders/3s/vmxm06ld69scp82f38cfvzmr0000gn/T/
  - java.library.path=/Users/anitasouv/Library/Java/Extensions:/Library/Java/Extensions:/Network/Library/Java/Extensions:/System/Library/Java/Extensions:/usr/lib/java:.
  - java.runtime.name=Java(TM) SE Runtime Environment
  - java.runtime.version=9+181
  - java.specification.name=Java Platform API Specification
  - java.specification.vendor=Oracle Corporation
  - java.specification.version=9
  - java.vendor=Oracle Corporation
  - java.vendor.url=http://java.oracle.com/
  - java.vendor.url.bug=http://bugreport.java.com/bugreport/
  - java.version=9
  - java.vm.compressedOopsMode=Zero based
  - java.vm.info=mixed mode
  - java.vm.name=Java HotSpot(TM) 64-Bit Server VM
  - java.vm.specification.name=Java Virtual Machine Specification
  - java.vm.specification.vendor=Oracle Corporation
  - java.vm.specification.version=9
  - java.vm.vendor=Oracle Corporation
  - java.vm.version=9+181
  - jdk.debug=release
  - line.separator=

  - os.arch=x86_64
  - os.name=Mac OS X
  - os.version=10.12.6
  - path.separator=:
  - project.home=/Users/anitasouv/eclipse-workspace/MyFirstJavaFX
  - scanner.home=/usr/local/Cellar/sonar-scanner/3.0.3.778/libexec
  - socksNonProxyHosts=local|*.local|169.254/16|*.169.254/16
  - sun.arch.data.model=64
  - sun.boot.library.path=/Library/Java/JavaVirtualMachines/jdk-9.jdk/Contents/Home/lib
  - sun.cpu.endian=little
  - sun.cpu.isalist=
  - sun.io.unicode.encoding=UnicodeBig
  - sun.java.command=org.sonarsource.scanner.cli.Main -X
  - sun.java.launcher=SUN_STANDARD
  - sun.jnu.encoding=UTF-8
  - sun.management.compiler=HotSpot 64-Bit Tiered Compilers
  - sun.os.patch.level=unknown
  - user.country=US
  - user.dir=/Users/anitasouv/eclipse-workspace/MyFirstJavaFX
  - user.home=/Users/anitasouv
  - user.language=en
  - user.name=anitasouv
  - user.timezone=America/Los_Angeles
SonarQube plugins:
  - C# 5.10.1.1411 (csharp)
  - SonarPython 1.8.0.1496 (python)
  - SonarJava 4.12.0.11033 (java)
  - Flex 2.3 (flex)
  - Git 1.2 (scmgit)
  - SonarXML 1.4.3.1027 (xml)
  - SonarPHP 2.10.0.2087 (php)
  - SVN 1.5.0.715 (scmsvn)
  - SonarJS 3.1.1.5128 (javascript)
Global properties:
  - sonar.core.id=AV66aXSfKnLA3Z2eoyE5
  - sonar.core.startTime=2017-10-29T14:10:25-0700
Settings for module: helloWorld-sonar
  - sonar.language=java
  - sonar.projectBaseDir=/Users/anitasouv/eclipse-workspace/MyFirstJavaFX
  - sonar.projectKey=helloWorld-sonar
  - sonar.projectName=HelloWorldSonar
  - sonar.projectVersion=1.0
  - sonar.sourceEncoding=UTF-8
  - sonar.sources=src
  - sonar.verbose=true
  - sonar.working.directory=/Users/anitasouv/eclipse-workspace/MyFirstJavaFX/.scannerwork
